<!DOCTYPE html>
<html lang="en">
  <head>
    <meta charset="utf-8">
    <meta http-equiv="X-UA-Compatible" content="IE=edge">
    <meta name="viewport" content="width=device-width, initial-scale=1">
    <title>Julia Package Listing - Testing Information</title>

    <style>/* -- Mix of julialang.org, Bootstrap 3, and custom -- */
body {
  background-color: white;
  font-family: Georgia, 'Liberation Serif', serif;
  font-size: 14px;
  color: #333;
  line-height: 1.42857143;
}
.site {
  max-width: 785px;
  margin: 2.5em auto 2em;
  padding: 0 1.5em;
}
a {
  color: #428bca;
  text-decoration: none;
}
h1, h2, h3, h4, h5, h6 {
  font-family: inherit;
  font-weight: 500;
  line-height: 1.1;
  color: inherit;
}
h1, h2, h3 {
    margin-top: 20px;
    margin-bottom: 10px;
}
h2 {
  font-size: 30px;
}
h3 {
    font-size: 24px;
}
h4 {
  font-size: 18px;
  margin-top: 10px;
  margin-bottom: 10px;
}
.titlebox {
  text-align: center;
  font-size: 120%;
  margin-top: 3em;
}
.ok     { background-color: #11AA11; } /*Tests passing*/
.fail   { background-color: #DD3333; } /*Tests failed*/
.skip   { background-color: #3333DD; } /*Tests skipped*/
.kill   { background-color: #222222; } /*Tests interrupted*/
.statusbox {
  width: 12px;
  height: 12px;
  display: inline-block;
}
hr {
  margin-top: 10px;
  margin-bottom: 0px;
  border: 0;
  border-top: 1px solid #eee;
}
.pkglisting h2 { margin-bottom: 0px; }
pre {margin: 0;}
@media (min-width: 785px) {
  .pkglisting {
    display: table;
    width: 100%;
  }
  .pkgnamedesc {
    display: table-cell;
    width: 50%;
  }
  .pkgvertest {
    display: table-cell;
    width:50%;
    text-align: right
  }
}
/* collapsible sections */
.collapsible {
  font-family: Georgia, 'Liberation Serif', serif;
  font-size: 14px;
  background: none;
  border: none;
  margin: 0;
  padding: 0;
  cursor: pointer;
}
.content {
  display: none;
  overflow: hidden;
}
</style>
  </head>

  <body>
  <div class="site">
    <!-- HEADER -->
    <div class="titlebox">
        <svg version="1.1" id="Layer_1" xmlns="http://www.w3.org/2000/svg" xmlns:xlink="http://www.w3.org/1999/xlink" x="0px" y="0px" width="210px" height="142px" viewBox="0 0 310 216" enable-background="new 0 0 310 216" xml:space="preserve">

<!-- blue dot -->
<circle fill="#6b85dd" stroke="#4266d5" stroke-width="3" cx="50.5" cy="58.665" r="16.5"></circle>
<!-- red dot -->
<circle fill="#d66661" stroke="#c93d39" stroke-width="3" cx="212.459" cy="60.249" r="16.5"></circle>
<!-- green dot -->
<circle fill="#6bab5b" stroke="#3b972e" stroke-width="3" cx="233.834" cy="23.874" r="16.5"></circle>
<!-- purple dot -->
<circle fill="#aa7dc0" stroke="#945bb0" stroke-width="3" cx="255.459" cy="59.999" r="16.5"></circle>

<!-- "j" -->
<path fill="#252525" d="M37.216,138.427c0-15.839,0.006-31.679-0.018-47.517c-0.001-0.827,0.169-1.234,1.043-1.47
    c7.876-2.127,15.739-4.308,23.606-6.47c1.33-0.366,1.333-0.36,1.333,1.019c0,25.758,0.015,51.517-0.012,77.274
    c-0.006,5.514,0.245,11.032-0.272,16.543c-0.628,6.69-2.15,13.092-6.438,18.506c-3.781,4.771-8.898,7.25-14.767,8.338
    c-6.599,1.222-13.251,1.552-19.934,0.938c-4.616-0.423-9.045-1.486-12.844-4.363c-2.863-2.168-4.454-4.935-3.745-8.603
    c0.736-3.806,3.348-5.978,6.861-7.127c2.262-0.74,4.628-0.872,6.994-0.53c1.823,0.264,3.42,1.023,4.779,2.288
    c1.38,1.284,2.641,2.674,3.778,4.177c0.872,1.15,1.793,2.256,2.991,3.086c2.055,1.426,4,0.965,5.213-1.216
    c0.819-1.473,0.997-3.106,1.173-4.731c0.255-2.348,0.255-4.707,0.256-7.062C37.218,167.145,37.216,152.786,37.216,138.427z"></path>

<!-- "u" -->
<path fill="#252525" d="M125.536,162.479c-2.908,2.385-5.783,4.312-8.88,5.904c-10.348,5.323-20.514,4.521-30.324-1.253
    c-6.71-3.95-11.012-9.849-12.52-17.606c-0.236-1.213-0.363-2.438-0.363-3.688c0.01-19.797,0.017-39.593-0.02-59.39
    c-0.002-1.102,0.285-1.357,1.363-1.351c7.798,0.049,15.597,0.044,23.396,0.003c0.95-0.005,1.177,0.25,1.175,1.183
    c-0.027,19.356-0.025,38.713-0.018,58.07c0.002,6.34,3.599,10.934,9.672,12.42c2.13,0.521,4.19,0.396,6.173-0.6
    c4.26-2.139,7.457-5.427,10.116-9.307c0.333-0.487,0.224-1,0.224-1.51c0.007-19.635,0.016-39.271-0.02-58.904
    c-0.002-1.083,0.255-1.369,1.353-1.361c7.838,0.052,15.677,0.045,23.515,0.004c0.916-0.005,1.103,0.244,1.102,1.124
    c-0.025,27.677-0.026,55.353,0.002,83.024c0.001,0.938-0.278,1.099-1.139,1.095c-7.918-0.028-15.837-0.028-23.756-0.001
    c-0.815,0.003-1.1-0.166-1.073-1.037C125.581,167.117,125.536,164.928,125.536,162.479z"></path>

<!-- "l" -->
<path fill="#252525" d="M187.423,107.08c0,20.637-0.011,41.273,0.026,61.91c0.003,1.119-0.309,1.361-1.381,1.355
    c-7.799-0.052-15.598-0.047-23.396-0.008c-0.898,0.008-1.117-0.222-1.115-1.115c0.021-39.074,0.021-78.147,0-117.226
    c0-0.811,0.189-1.169,1.006-1.392c7.871-2.149,15.73-4.327,23.584-6.545c1.045-0.295,1.308-0.17,1.306,0.985
    C187.412,65.727,187.423,86.403,187.423,107.08z"></path>

<!-- "i" -->
<path fill="#252525" d="M223.46,126.477c0,14.155-0.011,28.312,0.021,42.467c0.002,1.027-0.164,1.418-1.332,1.408
    c-7.838-0.061-15.676-0.047-23.516-0.01c-0.881,0.004-1.121-0.189-1.119-1.104c0.026-26.153,0.025-52.307,0-78.458
    c0-0.776,0.203-1.101,0.941-1.302c7.984-2.172,15.972-4.35,23.938-6.596c1.049-0.296,1.08,0.031,1.078,0.886
    C223.454,98.004,223.46,112.239,223.46,126.477z"></path>

<!-- "a" -->
<path fill="#252525" d="M277.695,163.6c-0.786,0.646-1.404,1.125-2,1.635c-4.375,3.746-9.42,5.898-15.16,6.42
    c-5.792,0.527-11.479,0.244-16.934-2.047c-12.08-5.071-15.554-17.188-11.938-27.448c1.799-5.111,5.472-8.868,9.831-11.94
    c5.681-4.003,12.009-6.732,18.504-9.074c5.576-2.014,11.186-3.939,16.955-5.347c0.445-0.104,0.773-0.243,0.757-0.854
    c-0.136-4.389,0.261-8.79-0.479-13.165c-1.225-7.209-6.617-10.013-12.895-9.348c-0.516,0.055-1.029,0.129-1.536,0.241
    c-4.877,1.081-7.312,4.413-7.374,10.127c-0.02,1.729-0.229,3.418-0.693,5.084c-0.906,3.229-2.969,5.354-6.168,6.266
    c-3.422,0.979-6.893,0.998-10.23-0.305c-6.529-2.543-8.877-10.164-5.12-16.512c2.249-3.799,5.606-6.4,9.461-8.405
    c6.238-3.246,12.914-4.974,19.896-5.537c7.565-0.61,15.096-0.366,22.49,1.507c4.285,1.085,8.312,2.776,11.744,5.657
    c4.473,3.749,6.776,8.647,6.812,14.374c0.139,21.477,0.096,42.951,0.143,64.428c0.002,0.799-0.248,0.983-1.021,0.98
    c-8.035-0.025-16.074-0.023-24.113-0.001c-0.716,0.002-0.973-0.146-0.941-0.915C277.736,167.562,277.695,165.698,277.695,163.6z
     M277.695,126.393c-4.793,2.104-9.25,4.373-13.287,7.408c-2.151,1.618-4.033,3.483-5.732,5.581
    c-4.229,5.226-1.988,13.343,1.693,16.599c1.592,1.406,3.359,1.906,5.419,1.521c1.621-0.307,3.149-0.857,4.549-1.734
    c1.521-0.951,2.949-2.072,4.539-2.887c2.31-1.18,2.97-2.861,2.894-5.445C277.561,140.484,277.695,133.527,277.695,126.393z"></path>

</svg>

        <h1>
          <a name="JupyterParameters">JupyterParameters</a>
        </h1>

        <p>
          <a href="../index.html#JupyterParameters">← Back to package list</a>
        </p>

    </div>

    <p>
      If you think that there is an error in how your package is being tested or represented, please file an issue at <a href="https://github.com/JuliaComputing/NewPkgEval.jl">NewPkgEval.jl</a>, making sure to read the FAQ first.
    </p>


    <h3>Results with Julia v1.2.0</h3>

    <p>
      Testing was <strong>unsuccessful</strong>: package has test failures.
      Last evaluation was  ago and took 4 minutes.
    </p>

    <p>
      Click <a href="/home/maleadt/Julia/pkg/NewPkgEval/site/build/logs/JupyterParameters/1.2.0.log">here</a> to download the log file.
      
    </p>

      <button class="collapsible">Click here to show the log contents.</button>
      <div class="content">
      <pre> Resolving package versions...
 Installed ZMQ ──────────────── v1.0.0
 Installed JupyterParameters ── v0.1.2
 Installed Parsers ──────────── v0.3.10
 Installed Compat ───────────── v2.2.0
 Installed TextWrap ─────────── v0.3.0
 Installed MbedTLS ──────────── v0.7.0
 Installed DataStructures ───── v0.17.6
 Installed BinaryProvider ───── v0.5.8
 Installed OrderedCollections ─ v1.1.0
 Installed Conda ────────────── v1.3.0
 Installed JSON ─────────────── v0.21.0
 Installed VersionParsing ───── v1.1.3
 Installed SoftGlobalScope ──── v1.0.10
 Installed IJulia ───────────── v1.20.2
 Installed ArgParse ─────────── v0.6.2
  Updating `~&#x2F;.julia&#x2F;environments&#x2F;v1.2&#x2F;Project.toml`
  [2f2169dc] + JupyterParameters v0.1.2
  Updating `~&#x2F;.julia&#x2F;environments&#x2F;v1.2&#x2F;Manifest.toml`
  [c7e460c6] + ArgParse v0.6.2
  [b99e7846] + BinaryProvider v0.5.8
  [34da2185] + Compat v2.2.0
  [8f4d0f93] + Conda v1.3.0
  [864edb3b] + DataStructures v0.17.6
  [7073ff75] + IJulia v1.20.2
  [682c06a0] + JSON v0.21.0
  [2f2169dc] + JupyterParameters v0.1.2
  [739be429] + MbedTLS v0.7.0
  [bac558e1] + OrderedCollections v1.1.0
  [69de0a69] + Parsers v0.3.10
  [b85f4697] + SoftGlobalScope v1.0.10
  [b718987f] + TextWrap v0.3.0
  [81def892] + VersionParsing v1.1.3
  [c2297ded] + ZMQ v1.0.0
  [2a0f44e3] + Base64 
  [ade2ca70] + Dates 
  [8bb1440f] + DelimitedFiles 
  [8ba89e20] + Distributed 
  [7b1f6079] + FileWatching 
  [b77e0a4c] + InteractiveUtils 
  [76f85450] + LibGit2 
  [8f399da3] + Libdl 
  [37e2e46d] + LinearAlgebra 
  [56ddb016] + Logging 
  [d6f4376e] + Markdown 
  [a63ad114] + Mmap 
  [44cfe95a] + Pkg 
  [de0858da] + Printf 
  [3fa0cd96] + REPL 
  [9a3f8284] + Random 
  [ea8e919c] + SHA 
  [9e88b42a] + Serialization 
  [1a1011a3] + SharedArrays 
  [6462fe0b] + Sockets 
  [2f01184e] + SparseArrays 
  [10745b16] + Statistics 
  [8dfed614] + Test 
  [cf7118a7] + UUIDs 
  [4ec0a83e] + Unicode 
  Building Conda ────────────→ `~&#x2F;.julia&#x2F;packages&#x2F;Conda&#x2F;kLXeC&#x2F;deps&#x2F;build.log`
  Building ZMQ ──────────────→ `~&#x2F;.julia&#x2F;packages&#x2F;ZMQ&#x2F;ABGOx&#x2F;deps&#x2F;build.log`
  Building MbedTLS ──────────→ `~&#x2F;.julia&#x2F;packages&#x2F;MbedTLS&#x2F;a1JFn&#x2F;deps&#x2F;build.log`
  Building IJulia ───────────→ `~&#x2F;.julia&#x2F;packages&#x2F;IJulia&#x2F;F1GUo&#x2F;deps&#x2F;build.log`
  Building JupyterParameters → `~&#x2F;.julia&#x2F;packages&#x2F;JupyterParameters&#x2F;KdfWB&#x2F;deps&#x2F;build.log`
   Testing JupyterParameters
 Resolving package versions...
    Status `&#x2F;tmp&#x2F;jl_CDz554&#x2F;Manifest.toml`
  [c7e460c6] ArgParse v0.6.2
  [b99e7846] BinaryProvider v0.5.8
  [34da2185] Compat v2.2.0
  [8f4d0f93] Conda v1.3.0
  [864edb3b] DataStructures v0.17.6
  [7073ff75] IJulia v1.20.2
  [682c06a0] JSON v0.21.0
  [2f2169dc] JupyterParameters v0.1.2
  [739be429] MbedTLS v0.7.0
  [bac558e1] OrderedCollections v1.1.0
  [69de0a69] Parsers v0.3.10
  [b85f4697] SoftGlobalScope v1.0.10
  [b718987f] TextWrap v0.3.0
  [81def892] VersionParsing v1.1.3
  [c2297ded] ZMQ v1.0.0
  [2a0f44e3] Base64  [`@stdlib&#x2F;Base64`]
  [ade2ca70] Dates  [`@stdlib&#x2F;Dates`]
  [8bb1440f] DelimitedFiles  [`@stdlib&#x2F;DelimitedFiles`]
  [8ba89e20] Distributed  [`@stdlib&#x2F;Distributed`]
  [7b1f6079] FileWatching  [`@stdlib&#x2F;FileWatching`]
  [b77e0a4c] InteractiveUtils  [`@stdlib&#x2F;InteractiveUtils`]
  [76f85450] LibGit2  [`@stdlib&#x2F;LibGit2`]
  [8f399da3] Libdl  [`@stdlib&#x2F;Libdl`]
  [37e2e46d] LinearAlgebra  [`@stdlib&#x2F;LinearAlgebra`]
  [56ddb016] Logging  [`@stdlib&#x2F;Logging`]
  [d6f4376e] Markdown  [`@stdlib&#x2F;Markdown`]
  [a63ad114] Mmap  [`@stdlib&#x2F;Mmap`]
  [44cfe95a] Pkg  [`@stdlib&#x2F;Pkg`]
  [de0858da] Printf  [`@stdlib&#x2F;Printf`]
  [3fa0cd96] REPL  [`@stdlib&#x2F;REPL`]
  [9a3f8284] Random  [`@stdlib&#x2F;Random`]
  [ea8e919c] SHA  [`@stdlib&#x2F;SHA`]
  [9e88b42a] Serialization  [`@stdlib&#x2F;Serialization`]
  [1a1011a3] SharedArrays  [`@stdlib&#x2F;SharedArrays`]
  [6462fe0b] Sockets  [`@stdlib&#x2F;Sockets`]
  [2f01184e] SparseArrays  [`@stdlib&#x2F;SparseArrays`]
  [10745b16] Statistics  [`@stdlib&#x2F;Statistics`]
  [8dfed614] Test  [`@stdlib&#x2F;Test`]
  [cf7118a7] UUIDs  [`@stdlib&#x2F;UUIDs`]
  [4ec0a83e] Unicode  [`@stdlib&#x2F;Unicode`]
Starting paramitification of &#x2F;tmp&#x2F;jl_VeYEhu.ipynb...
Successful replacement of parameters!
Wrote &#x2F;tmp&#x2F;jl_vdkosL.ipynb
Running [&quot;&#x2F;root&#x2F;.julia&#x2F;conda&#x2F;3&#x2F;bin&#x2F;jupyter&quot;, &quot;nbconvert&quot;, &quot;--to=notebook&quot;, &quot;--execute&quot;, &quot;--ExecutePreprocessor.allow_errors=True&quot;, &quot;&#x2F;tmp&#x2F;jl_vdkosL.ipynb&quot;, &quot;--output&quot;, &quot;&#x2F;tmp&#x2F;jl_vdkosL.ipynb&quot;]
[NbConvertApp] WARNING | Config option `template_path` not recognized by `NotebookExporter`.
[NbConvertApp] Converting notebook &#x2F;tmp&#x2F;jl_vdkosL.ipynb to notebook
ERROR: LoadError: ArgumentError: Package InteractiveUtils not found in current path:
- Run `import Pkg; Pkg.add(&quot;InteractiveUtils&quot;)` to install the InteractiveUtils package.

Stacktrace:
 [1] require(::Module, ::Symbol) at .&#x2F;loading.jl:876
 [2] include at .&#x2F;boot.jl:328 [inlined]
 [3] include_relative(::Module, ::String) at .&#x2F;loading.jl:1094
 [4] include(::Module, ::String) at .&#x2F;Base.jl:31
 [5] exec_options(::Base.JLOptions) at .&#x2F;client.jl:295
 [6] _start() at .&#x2F;client.jl:464
in expression starting at &#x2F;root&#x2F;.julia&#x2F;packages&#x2F;IJulia&#x2F;F1GUo&#x2F;src&#x2F;kernel.jl:11
[0m[0mTraceback (most recent call last):
  File &quot;&#x2F;root&#x2F;.julia&#x2F;conda&#x2F;3&#x2F;bin&#x2F;jupyter-nbconvert&quot;, line 11, in &lt;module&gt;
    sys.exit(main())
  File &quot;&#x2F;root&#x2F;.julia&#x2F;conda&#x2F;3&#x2F;lib&#x2F;python3.7&#x2F;site-packages&#x2F;jupyter_core&#x2F;application.py&quot;, line 268, in launch_instance
    return super(JupyterApp, cls).launch_instance(argv=argv, **kwargs)
  File &quot;&#x2F;root&#x2F;.julia&#x2F;conda&#x2F;3&#x2F;lib&#x2F;python3.7&#x2F;site-packages&#x2F;traitlets&#x2F;config&#x2F;application.py&quot;, line 664, in launch_instance
    app.start()
  File &quot;&#x2F;root&#x2F;.julia&#x2F;conda&#x2F;3&#x2F;lib&#x2F;python3.7&#x2F;site-packages&#x2F;nbconvert&#x2F;nbconvertapp.py&quot;, line 340, in start
    self.convert_notebooks()
  File &quot;&#x2F;root&#x2F;.julia&#x2F;conda&#x2F;3&#x2F;lib&#x2F;python3.7&#x2F;site-packages&#x2F;nbconvert&#x2F;nbconvertapp.py&quot;, line 510, in convert_notebooks
    self.convert_single_notebook(notebook_filename)
  File &quot;&#x2F;root&#x2F;.julia&#x2F;conda&#x2F;3&#x2F;lib&#x2F;python3.7&#x2F;site-packages&#x2F;nbconvert&#x2F;nbconvertapp.py&quot;, line 481, in convert_single_notebook
    output, resources = self.export_single_notebook(notebook_filename, resources, input_buffer=input_buffer)
  File &quot;&#x2F;root&#x2F;.julia&#x2F;conda&#x2F;3&#x2F;lib&#x2F;python3.7&#x2F;site-packages&#x2F;nbconvert&#x2F;nbconvertapp.py&quot;, line 410, in export_single_notebook
    output, resources = self.exporter.from_filename(notebook_filename, resources=resources)
  File &quot;&#x2F;root&#x2F;.julia&#x2F;conda&#x2F;3&#x2F;lib&#x2F;python3.7&#x2F;site-packages&#x2F;nbconvert&#x2F;exporters&#x2F;exporter.py&quot;, line 179, in from_filename
    return self.from_file(f, resources=resources, **kw)
  File &quot;&#x2F;root&#x2F;.julia&#x2F;conda&#x2F;3&#x2F;lib&#x2F;python3.7&#x2F;site-packages&#x2F;nbconvert&#x2F;exporters&#x2F;exporter.py&quot;, line 197, in from_file
    return self.from_notebook_node(nbformat.read(file_stream, as_version=4), resources=resources, **kw)
  File &quot;&#x2F;root&#x2F;.julia&#x2F;conda&#x2F;3&#x2F;lib&#x2F;python3.7&#x2F;site-packages&#x2F;nbconvert&#x2F;exporters&#x2F;notebook.py&quot;, line 32, in from_notebook_node
    nb_copy, resources = super(NotebookExporter, self).from_notebook_node(nb, resources, **kw)
  File &quot;&#x2F;root&#x2F;.julia&#x2F;conda&#x2F;3&#x2F;lib&#x2F;python3.7&#x2F;site-packages&#x2F;nbconvert&#x2F;exporters&#x2F;exporter.py&quot;, line 139, in from_notebook_node
    nb_copy, resources = self._preprocess(nb_copy, resources)
  File &quot;&#x2F;root&#x2F;.julia&#x2F;conda&#x2F;3&#x2F;lib&#x2F;python3.7&#x2F;site-packages&#x2F;nbconvert&#x2F;exporters&#x2F;exporter.py&quot;, line 316, in _preprocess
    nbc, resc = preprocessor(nbc, resc)
  File &quot;&#x2F;root&#x2F;.julia&#x2F;conda&#x2F;3&#x2F;lib&#x2F;python3.7&#x2F;site-packages&#x2F;nbconvert&#x2F;preprocessors&#x2F;base.py&quot;, line 47, in __call__
    return self.preprocess(nb, resources)
  File &quot;&#x2F;root&#x2F;.julia&#x2F;conda&#x2F;3&#x2F;lib&#x2F;python3.7&#x2F;site-packages&#x2F;nbconvert&#x2F;preprocessors&#x2F;execute.py&quot;, line 403, in preprocess
    with self.setup_preprocessor(nb, resources, km=km):
  File &quot;&#x2F;root&#x2F;.julia&#x2F;conda&#x2F;3&#x2F;lib&#x2F;python3.7&#x2F;contextlib.py&quot;, line 112, in __enter__
    return next(self.gen)
  File &quot;&#x2F;root&#x2F;.julia&#x2F;conda&#x2F;3&#x2F;lib&#x2F;python3.7&#x2F;site-packages&#x2F;nbconvert&#x2F;preprocessors&#x2F;execute.py&quot;, line 345, in setup_preprocessor
    self.km, self.kc = self.start_new_kernel(**kwargs)
  File &quot;&#x2F;root&#x2F;.julia&#x2F;conda&#x2F;3&#x2F;lib&#x2F;python3.7&#x2F;site-packages&#x2F;nbconvert&#x2F;preprocessors&#x2F;execute.py&quot;, line 296, in start_new_kernel
    kc.wait_for_ready(timeout=self.startup_timeout)
  File &quot;&#x2F;root&#x2F;.julia&#x2F;conda&#x2F;3&#x2F;lib&#x2F;python3.7&#x2F;site-packages&#x2F;jupyter_client&#x2F;blocking&#x2F;client.py&quot;, line 120, in wait_for_ready
    raise RuntimeError(&#39;Kernel died before replying to kernel_info&#39;)
RuntimeError: Kernel died before replying to kernel_info
testing JupyterParam: Error During Test at &#x2F;root&#x2F;.julia&#x2F;packages&#x2F;JupyterParameters&#x2F;KdfWB&#x2F;test&#x2F;runtests.jl:39
  Got exception outside of a @test
  failed process: Process(setenv(`&#x2F;root&#x2F;.julia&#x2F;conda&#x2F;3&#x2F;bin&#x2F;jupyter nbconvert --to=notebook --execute --ExecutePreprocessor.allow_errors=True &#x2F;tmp&#x2F;jl_vdkosL.ipynb --output &#x2F;tmp&#x2F;jl_vdkosL.ipynb`,[&quot;PATH=&#x2F;root&#x2F;.julia&#x2F;conda&#x2F;3&#x2F;bin:&#x2F;usr&#x2F;local&#x2F;sbin:&#x2F;usr&#x2F;local&#x2F;bin:&#x2F;usr&#x2F;sbin:&#x2F;usr&#x2F;bin:&#x2F;sbin:&#x2F;bin&quot;, &quot;OPENBLAS_NUM_THREADS=8&quot;, &quot;PKGEVAL=true&quot;, &quot;HOME=&#x2F;root&quot;, &quot;DEBIAN_FRONTEND=noninteractive&quot;, &quot;CI=true&quot;, &quot;OPENBLAS_MAIN_FREE=1&quot;, &quot;HOSTNAME=a56acbda459d&quot;, &quot;JULIA_LOAD_PATH=@:&#x2F;tmp&#x2F;jl_CDz554&quot;]), ProcessExited(1)) [1]
  
  Stacktrace:
   [1] pipeline_error at .&#x2F;process.jl:813 [inlined]
   [2] #run#536(::Bool, ::typeof(run), ::Cmd) at .&#x2F;process.jl:728
   [3] run at .&#x2F;process.jl:726 [inlined]
   [4] jjnbparam(::Array{String,1}) at &#x2F;root&#x2F;.julia&#x2F;packages&#x2F;JupyterParameters&#x2F;KdfWB&#x2F;src&#x2F;JupyterParameters.jl:210
   [5] jjnbparam() at &#x2F;root&#x2F;.julia&#x2F;packages&#x2F;JupyterParameters&#x2F;KdfWB&#x2F;src&#x2F;JupyterParameters.jl:215
   [6] top-level scope at &#x2F;root&#x2F;.julia&#x2F;packages&#x2F;JupyterParameters&#x2F;KdfWB&#x2F;test&#x2F;runtests.jl:60
   [7] top-level scope at &#x2F;buildworker&#x2F;worker&#x2F;package_linux64&#x2F;build&#x2F;usr&#x2F;share&#x2F;julia&#x2F;stdlib&#x2F;v1.2&#x2F;Test&#x2F;src&#x2F;Test.jl:1113
   [8] top-level scope at &#x2F;root&#x2F;.julia&#x2F;packages&#x2F;JupyterParameters&#x2F;KdfWB&#x2F;test&#x2F;runtests.jl:40
   [9] include at .&#x2F;boot.jl:328 [inlined]
   [10] include_relative(::Module, ::String) at .&#x2F;loading.jl:1094
   [11] include(::Module, ::String) at .&#x2F;Base.jl:31
   [12] include(::String) at .&#x2F;client.jl:431
   [13] top-level scope at none:5
   [14] eval(::Module, ::Any) at .&#x2F;boot.jl:330
   [15] exec_options(::Base.JLOptions) at .&#x2F;client.jl:271
   [16] _start() at .&#x2F;client.jl:464
  
Test Summary:        | Error  Total
testing JupyterParam |     1      1
ERROR: LoadError: Some tests did not pass: 0 passed, 0 failed, 1 errored, 0 broken.
in expression starting at &#x2F;root&#x2F;.julia&#x2F;packages&#x2F;JupyterParameters&#x2F;KdfWB&#x2F;test&#x2F;runtests.jl:38
ERROR: Package JupyterParameters errored during testing
Stacktrace:
 [1] pkgerror(::String, ::Vararg{String,N} where N) at &#x2F;buildworker&#x2F;worker&#x2F;package_linux64&#x2F;build&#x2F;usr&#x2F;share&#x2F;julia&#x2F;stdlib&#x2F;v1.2&#x2F;Pkg&#x2F;src&#x2F;Types.jl:112
 [2] #test#119(::Bool, ::Nothing, ::typeof(Pkg.Operations.test), ::Pkg.Types.Context, ::Array{Pkg.Types.PackageSpec,1}) at &#x2F;buildworker&#x2F;worker&#x2F;package_linux64&#x2F;build&#x2F;usr&#x2F;share&#x2F;julia&#x2F;stdlib&#x2F;v1.2&#x2F;Pkg&#x2F;src&#x2F;Operations.jl:1288
 [3] #test at .&#x2F;none:0 [inlined]
 [4] #test#62(::Bool, ::Nothing, ::Base.Iterators.Pairs{Union{},Union{},Tuple{},NamedTuple{(),Tuple{}}}, ::typeof(Pkg.API.test), ::Pkg.Types.Context, ::Array{Pkg.Types.PackageSpec,1}) at &#x2F;buildworker&#x2F;worker&#x2F;package_linux64&#x2F;build&#x2F;usr&#x2F;share&#x2F;julia&#x2F;stdlib&#x2F;v1.2&#x2F;Pkg&#x2F;src&#x2F;API.jl:245
 [5] test at &#x2F;buildworker&#x2F;worker&#x2F;package_linux64&#x2F;build&#x2F;usr&#x2F;share&#x2F;julia&#x2F;stdlib&#x2F;v1.2&#x2F;Pkg&#x2F;src&#x2F;API.jl:233 [inlined]
 [6] #test#61 at &#x2F;buildworker&#x2F;worker&#x2F;package_linux64&#x2F;build&#x2F;usr&#x2F;share&#x2F;julia&#x2F;stdlib&#x2F;v1.2&#x2F;Pkg&#x2F;src&#x2F;API.jl:230 [inlined]
 [7] test at &#x2F;buildworker&#x2F;worker&#x2F;package_linux64&#x2F;build&#x2F;usr&#x2F;share&#x2F;julia&#x2F;stdlib&#x2F;v1.2&#x2F;Pkg&#x2F;src&#x2F;API.jl:230 [inlined]
 [8] #test#60 at &#x2F;buildworker&#x2F;worker&#x2F;package_linux64&#x2F;build&#x2F;usr&#x2F;share&#x2F;julia&#x2F;stdlib&#x2F;v1.2&#x2F;Pkg&#x2F;src&#x2F;API.jl:229 [inlined]
 [9] test at &#x2F;buildworker&#x2F;worker&#x2F;package_linux64&#x2F;build&#x2F;usr&#x2F;share&#x2F;julia&#x2F;stdlib&#x2F;v1.2&#x2F;Pkg&#x2F;src&#x2F;API.jl:229 [inlined]
 [10] #test#59(::Base.Iterators.Pairs{Union{},Union{},Tuple{},NamedTuple{(),Tuple{}}}, ::typeof(Pkg.API.test), ::String) at &#x2F;buildworker&#x2F;worker&#x2F;package_linux64&#x2F;build&#x2F;usr&#x2F;share&#x2F;julia&#x2F;stdlib&#x2F;v1.2&#x2F;Pkg&#x2F;src&#x2F;API.jl:228
 [11] test(::String) at &#x2F;buildworker&#x2F;worker&#x2F;package_linux64&#x2F;build&#x2F;usr&#x2F;share&#x2F;julia&#x2F;stdlib&#x2F;v1.2&#x2F;Pkg&#x2F;src&#x2F;API.jl:228
 [12] top-level scope at none:10
</pre>
      </div>

    <h3>Results with Julia v1.3.0</h3>

    <p>
      Testing was <strong>unsuccessful</strong>: package has test failures.
      Last evaluation was  ago and took 3 minutes, 32 seconds.
    </p>

    <p>
      Click <a href="/home/maleadt/Julia/pkg/NewPkgEval/site/build/logs/JupyterParameters/1.3.0.log">here</a> to download the log file.
      
    </p>

      <button class="collapsible">Click here to show the log contents.</button>
      <div class="content">
      <pre> Resolving package versions...
 Installed VersionParsing ───── v1.1.3
 Installed JupyterParameters ── v0.1.2
 Installed IJulia ───────────── v1.20.2
 Installed MbedTLS ──────────── v0.7.0
 Installed TextWrap ─────────── v0.3.0
 Installed OrderedCollections ─ v1.1.0
 Installed ArgParse ─────────── v0.6.2
 Installed DataStructures ───── v0.17.6
 Installed BinaryProvider ───── v0.5.8
 Installed JSON ─────────────── v0.21.0
 Installed Compat ───────────── v2.2.0
 Installed Conda ────────────── v1.3.0
 Installed SoftGlobalScope ──── v1.0.10
 Installed ZMQ ──────────────── v1.0.0
 Installed Parsers ──────────── v0.3.10
  Updating `~&#x2F;.julia&#x2F;environments&#x2F;v1.3&#x2F;Project.toml`
  [2f2169dc] + JupyterParameters v0.1.2
  Updating `~&#x2F;.julia&#x2F;environments&#x2F;v1.3&#x2F;Manifest.toml`
  [c7e460c6] + ArgParse v0.6.2
  [b99e7846] + BinaryProvider v0.5.8
  [34da2185] + Compat v2.2.0
  [8f4d0f93] + Conda v1.3.0
  [864edb3b] + DataStructures v0.17.6
  [7073ff75] + IJulia v1.20.2
  [682c06a0] + JSON v0.21.0
  [2f2169dc] + JupyterParameters v0.1.2
  [739be429] + MbedTLS v0.7.0
  [bac558e1] + OrderedCollections v1.1.0
  [69de0a69] + Parsers v0.3.10
  [b85f4697] + SoftGlobalScope v1.0.10
  [b718987f] + TextWrap v0.3.0
  [81def892] + VersionParsing v1.1.3
  [c2297ded] + ZMQ v1.0.0
  [2a0f44e3] + Base64 
  [ade2ca70] + Dates 
  [8bb1440f] + DelimitedFiles 
  [8ba89e20] + Distributed 
  [7b1f6079] + FileWatching 
  [b77e0a4c] + InteractiveUtils 
  [76f85450] + LibGit2 
  [8f399da3] + Libdl 
  [37e2e46d] + LinearAlgebra 
  [56ddb016] + Logging 
  [d6f4376e] + Markdown 
  [a63ad114] + Mmap 
  [44cfe95a] + Pkg 
  [de0858da] + Printf 
  [3fa0cd96] + REPL 
  [9a3f8284] + Random 
  [ea8e919c] + SHA 
  [9e88b42a] + Serialization 
  [1a1011a3] + SharedArrays 
  [6462fe0b] + Sockets 
  [2f01184e] + SparseArrays 
  [10745b16] + Statistics 
  [8dfed614] + Test 
  [cf7118a7] + UUIDs 
  [4ec0a83e] + Unicode 
  Building Conda ────────────→ `~&#x2F;.julia&#x2F;packages&#x2F;Conda&#x2F;kLXeC&#x2F;deps&#x2F;build.log`
  Building ZMQ ──────────────→ `~&#x2F;.julia&#x2F;packages&#x2F;ZMQ&#x2F;ABGOx&#x2F;deps&#x2F;build.log`
  Building MbedTLS ──────────→ `~&#x2F;.julia&#x2F;packages&#x2F;MbedTLS&#x2F;a1JFn&#x2F;deps&#x2F;build.log`
  Building IJulia ───────────→ `~&#x2F;.julia&#x2F;packages&#x2F;IJulia&#x2F;F1GUo&#x2F;deps&#x2F;build.log`
  Building JupyterParameters → `~&#x2F;.julia&#x2F;packages&#x2F;JupyterParameters&#x2F;KdfWB&#x2F;deps&#x2F;build.log`
   Testing JupyterParameters
 Resolving package versions...
    Status `&#x2F;tmp&#x2F;jl_iCumc3&#x2F;Manifest.toml`
  [c7e460c6] ArgParse v0.6.2
  [b99e7846] BinaryProvider v0.5.8
  [34da2185] Compat v2.2.0
  [8f4d0f93] Conda v1.3.0
  [864edb3b] DataStructures v0.17.6
  [7073ff75] IJulia v1.20.2
  [682c06a0] JSON v0.21.0
  [2f2169dc] JupyterParameters v0.1.2
  [739be429] MbedTLS v0.7.0
  [bac558e1] OrderedCollections v1.1.0
  [69de0a69] Parsers v0.3.10
  [b85f4697] SoftGlobalScope v1.0.10
  [b718987f] TextWrap v0.3.0
  [81def892] VersionParsing v1.1.3
  [c2297ded] ZMQ v1.0.0
  [2a0f44e3] Base64  [`@stdlib&#x2F;Base64`]
  [ade2ca70] Dates  [`@stdlib&#x2F;Dates`]
  [8bb1440f] DelimitedFiles  [`@stdlib&#x2F;DelimitedFiles`]
  [8ba89e20] Distributed  [`@stdlib&#x2F;Distributed`]
  [7b1f6079] FileWatching  [`@stdlib&#x2F;FileWatching`]
  [b77e0a4c] InteractiveUtils  [`@stdlib&#x2F;InteractiveUtils`]
  [76f85450] LibGit2  [`@stdlib&#x2F;LibGit2`]
  [8f399da3] Libdl  [`@stdlib&#x2F;Libdl`]
  [37e2e46d] LinearAlgebra  [`@stdlib&#x2F;LinearAlgebra`]
  [56ddb016] Logging  [`@stdlib&#x2F;Logging`]
  [d6f4376e] Markdown  [`@stdlib&#x2F;Markdown`]
  [a63ad114] Mmap  [`@stdlib&#x2F;Mmap`]
  [44cfe95a] Pkg  [`@stdlib&#x2F;Pkg`]
  [de0858da] Printf  [`@stdlib&#x2F;Printf`]
  [3fa0cd96] REPL  [`@stdlib&#x2F;REPL`]
  [9a3f8284] Random  [`@stdlib&#x2F;Random`]
  [ea8e919c] SHA  [`@stdlib&#x2F;SHA`]
  [9e88b42a] Serialization  [`@stdlib&#x2F;Serialization`]
  [1a1011a3] SharedArrays  [`@stdlib&#x2F;SharedArrays`]
  [6462fe0b] Sockets  [`@stdlib&#x2F;Sockets`]
  [2f01184e] SparseArrays  [`@stdlib&#x2F;SparseArrays`]
  [10745b16] Statistics  [`@stdlib&#x2F;Statistics`]
  [8dfed614] Test  [`@stdlib&#x2F;Test`]
  [cf7118a7] UUIDs  [`@stdlib&#x2F;UUIDs`]
  [4ec0a83e] Unicode  [`@stdlib&#x2F;Unicode`]
Starting paramitification of &#x2F;tmp&#x2F;jl_8E5IqJ.ipynb...
Successful replacement of parameters!
Wrote &#x2F;tmp&#x2F;jl_4NkoYh.ipynb
Running [&quot;&#x2F;root&#x2F;.julia&#x2F;conda&#x2F;3&#x2F;bin&#x2F;jupyter&quot;, &quot;nbconvert&quot;, &quot;--to=notebook&quot;, &quot;--execute&quot;, &quot;--ExecutePreprocessor.allow_errors=True&quot;, &quot;&#x2F;tmp&#x2F;jl_4NkoYh.ipynb&quot;, &quot;--output&quot;, &quot;&#x2F;tmp&#x2F;jl_4NkoYh.ipynb&quot;]
[NbConvertApp] WARNING | Config option `template_path` not recognized by `NotebookExporter`.
[NbConvertApp] Converting notebook &#x2F;tmp&#x2F;jl_4NkoYh.ipynb to notebook
ERROR: LoadError: ArgumentError: Package InteractiveUtils not found in current path:
- Run `import Pkg; Pkg.add(&quot;InteractiveUtils&quot;)` to install the InteractiveUtils package.

Stacktrace:
 [1] require(::Module, ::Symbol) at .&#x2F;loading.jl:887
 [2] include at .&#x2F;boot.jl:328 [inlined]
 [3] include_relative(::Module, ::String) at .&#x2F;loading.jl:1105
 [4] include(::Module, ::String) at .&#x2F;Base.jl:31
 [5] exec_options(::Base.JLOptions) at .&#x2F;client.jl:287
 [6] _start() at .&#x2F;client.jl:460
in expression starting at &#x2F;root&#x2F;.julia&#x2F;packages&#x2F;IJulia&#x2F;F1GUo&#x2F;src&#x2F;kernel.jl:11
[0m[0mTraceback (most recent call last):
  File &quot;&#x2F;root&#x2F;.julia&#x2F;conda&#x2F;3&#x2F;bin&#x2F;jupyter-nbconvert&quot;, line 11, in &lt;module&gt;
    sys.exit(main())
  File &quot;&#x2F;root&#x2F;.julia&#x2F;conda&#x2F;3&#x2F;lib&#x2F;python3.7&#x2F;site-packages&#x2F;jupyter_core&#x2F;application.py&quot;, line 268, in launch_instance
    return super(JupyterApp, cls).launch_instance(argv=argv, **kwargs)
  File &quot;&#x2F;root&#x2F;.julia&#x2F;conda&#x2F;3&#x2F;lib&#x2F;python3.7&#x2F;site-packages&#x2F;traitlets&#x2F;config&#x2F;application.py&quot;, line 664, in launch_instance
    app.start()
  File &quot;&#x2F;root&#x2F;.julia&#x2F;conda&#x2F;3&#x2F;lib&#x2F;python3.7&#x2F;site-packages&#x2F;nbconvert&#x2F;nbconvertapp.py&quot;, line 340, in start
    self.convert_notebooks()
  File &quot;&#x2F;root&#x2F;.julia&#x2F;conda&#x2F;3&#x2F;lib&#x2F;python3.7&#x2F;site-packages&#x2F;nbconvert&#x2F;nbconvertapp.py&quot;, line 510, in convert_notebooks
    self.convert_single_notebook(notebook_filename)
  File &quot;&#x2F;root&#x2F;.julia&#x2F;conda&#x2F;3&#x2F;lib&#x2F;python3.7&#x2F;site-packages&#x2F;nbconvert&#x2F;nbconvertapp.py&quot;, line 481, in convert_single_notebook
    output, resources = self.export_single_notebook(notebook_filename, resources, input_buffer=input_buffer)
  File &quot;&#x2F;root&#x2F;.julia&#x2F;conda&#x2F;3&#x2F;lib&#x2F;python3.7&#x2F;site-packages&#x2F;nbconvert&#x2F;nbconvertapp.py&quot;, line 410, in export_single_notebook
    output, resources = self.exporter.from_filename(notebook_filename, resources=resources)
  File &quot;&#x2F;root&#x2F;.julia&#x2F;conda&#x2F;3&#x2F;lib&#x2F;python3.7&#x2F;site-packages&#x2F;nbconvert&#x2F;exporters&#x2F;exporter.py&quot;, line 179, in from_filename
    return self.from_file(f, resources=resources, **kw)
  File &quot;&#x2F;root&#x2F;.julia&#x2F;conda&#x2F;3&#x2F;lib&#x2F;python3.7&#x2F;site-packages&#x2F;nbconvert&#x2F;exporters&#x2F;exporter.py&quot;, line 197, in from_file
    return self.from_notebook_node(nbformat.read(file_stream, as_version=4), resources=resources, **kw)
  File &quot;&#x2F;root&#x2F;.julia&#x2F;conda&#x2F;3&#x2F;lib&#x2F;python3.7&#x2F;site-packages&#x2F;nbconvert&#x2F;exporters&#x2F;notebook.py&quot;, line 32, in from_notebook_node
    nb_copy, resources = super(NotebookExporter, self).from_notebook_node(nb, resources, **kw)
  File &quot;&#x2F;root&#x2F;.julia&#x2F;conda&#x2F;3&#x2F;lib&#x2F;python3.7&#x2F;site-packages&#x2F;nbconvert&#x2F;exporters&#x2F;exporter.py&quot;, line 139, in from_notebook_node
    nb_copy, resources = self._preprocess(nb_copy, resources)
  File &quot;&#x2F;root&#x2F;.julia&#x2F;conda&#x2F;3&#x2F;lib&#x2F;python3.7&#x2F;site-packages&#x2F;nbconvert&#x2F;exporters&#x2F;exporter.py&quot;, line 316, in _preprocess
    nbc, resc = preprocessor(nbc, resc)
  File &quot;&#x2F;root&#x2F;.julia&#x2F;conda&#x2F;3&#x2F;lib&#x2F;python3.7&#x2F;site-packages&#x2F;nbconvert&#x2F;preprocessors&#x2F;base.py&quot;, line 47, in __call__
    return self.preprocess(nb, resources)
  File &quot;&#x2F;root&#x2F;.julia&#x2F;conda&#x2F;3&#x2F;lib&#x2F;python3.7&#x2F;site-packages&#x2F;nbconvert&#x2F;preprocessors&#x2F;execute.py&quot;, line 403, in preprocess
    with self.setup_preprocessor(nb, resources, km=km):
  File &quot;&#x2F;root&#x2F;.julia&#x2F;conda&#x2F;3&#x2F;lib&#x2F;python3.7&#x2F;contextlib.py&quot;, line 112, in __enter__
    return next(self.gen)
  File &quot;&#x2F;root&#x2F;.julia&#x2F;conda&#x2F;3&#x2F;lib&#x2F;python3.7&#x2F;site-packages&#x2F;nbconvert&#x2F;preprocessors&#x2F;execute.py&quot;, line 345, in setup_preprocessor
    self.km, self.kc = self.start_new_kernel(**kwargs)
  File &quot;&#x2F;root&#x2F;.julia&#x2F;conda&#x2F;3&#x2F;lib&#x2F;python3.7&#x2F;site-packages&#x2F;nbconvert&#x2F;preprocessors&#x2F;execute.py&quot;, line 296, in start_new_kernel
    kc.wait_for_ready(timeout=self.startup_timeout)
  File &quot;&#x2F;root&#x2F;.julia&#x2F;conda&#x2F;3&#x2F;lib&#x2F;python3.7&#x2F;site-packages&#x2F;jupyter_client&#x2F;blocking&#x2F;client.py&quot;, line 120, in wait_for_ready
    raise RuntimeError(&#39;Kernel died before replying to kernel_info&#39;)
RuntimeError: Kernel died before replying to kernel_info
testing JupyterParam: Error During Test at &#x2F;root&#x2F;.julia&#x2F;packages&#x2F;JupyterParameters&#x2F;KdfWB&#x2F;test&#x2F;runtests.jl:39
  Got exception outside of a @test
  failed process: Process(setenv(`&#x2F;root&#x2F;.julia&#x2F;conda&#x2F;3&#x2F;bin&#x2F;jupyter nbconvert --to=notebook --execute --ExecutePreprocessor.allow_errors=True &#x2F;tmp&#x2F;jl_4NkoYh.ipynb --output &#x2F;tmp&#x2F;jl_4NkoYh.ipynb`,[&quot;PATH=&#x2F;root&#x2F;.julia&#x2F;conda&#x2F;3&#x2F;bin:&#x2F;usr&#x2F;local&#x2F;sbin:&#x2F;usr&#x2F;local&#x2F;bin:&#x2F;usr&#x2F;sbin:&#x2F;usr&#x2F;bin:&#x2F;sbin:&#x2F;bin&quot;, &quot;OPENBLAS_NUM_THREADS=8&quot;, &quot;PKGEVAL=true&quot;, &quot;HOME=&#x2F;root&quot;, &quot;DEBIAN_FRONTEND=noninteractive&quot;, &quot;CI=true&quot;, &quot;OPENBLAS_MAIN_FREE=1&quot;, &quot;HOSTNAME=a64d356ce28e&quot;, &quot;JULIA_LOAD_PATH=@:&#x2F;tmp&#x2F;jl_iCumc3&quot;]), ProcessExited(1)) [1]
  
  Stacktrace:
   [1] pipeline_error at .&#x2F;process.jl:525 [inlined]
   [2] #run#565(::Bool, ::typeof(run), ::Cmd) at .&#x2F;process.jl:440
   [3] run at .&#x2F;process.jl:438 [inlined]
   [4] jjnbparam(::Array{String,1}) at &#x2F;root&#x2F;.julia&#x2F;packages&#x2F;JupyterParameters&#x2F;KdfWB&#x2F;src&#x2F;JupyterParameters.jl:210
   [5] jjnbparam() at &#x2F;root&#x2F;.julia&#x2F;packages&#x2F;JupyterParameters&#x2F;KdfWB&#x2F;src&#x2F;JupyterParameters.jl:215
   [6] top-level scope at &#x2F;root&#x2F;.julia&#x2F;packages&#x2F;JupyterParameters&#x2F;KdfWB&#x2F;test&#x2F;runtests.jl:60
   [7] top-level scope at &#x2F;buildworker&#x2F;worker&#x2F;package_linux64&#x2F;build&#x2F;usr&#x2F;share&#x2F;julia&#x2F;stdlib&#x2F;v1.3&#x2F;Test&#x2F;src&#x2F;Test.jl:1107
   [8] top-level scope at &#x2F;root&#x2F;.julia&#x2F;packages&#x2F;JupyterParameters&#x2F;KdfWB&#x2F;test&#x2F;runtests.jl:40
   [9] include at .&#x2F;boot.jl:328 [inlined]
   [10] include_relative(::Module, ::String) at .&#x2F;loading.jl:1105
   [11] include(::Module, ::String) at .&#x2F;Base.jl:31
   [12] include(::String) at .&#x2F;client.jl:424
   [13] top-level scope at none:6
   [14] eval(::Module, ::Any) at .&#x2F;boot.jl:330
   [15] exec_options(::Base.JLOptions) at .&#x2F;client.jl:263
   [16] _start() at .&#x2F;client.jl:460
  
Test Summary:        | Error  Total
testing JupyterParam |     1      1
ERROR: LoadError: Some tests did not pass: 0 passed, 0 failed, 1 errored, 0 broken.
in expression starting at &#x2F;root&#x2F;.julia&#x2F;packages&#x2F;JupyterParameters&#x2F;KdfWB&#x2F;test&#x2F;runtests.jl:38
ERROR: Package JupyterParameters errored during testing
Stacktrace:
 [1] pkgerror(::String, ::Vararg{String,N} where N) at &#x2F;buildworker&#x2F;worker&#x2F;package_linux64&#x2F;build&#x2F;usr&#x2F;share&#x2F;julia&#x2F;stdlib&#x2F;v1.3&#x2F;Pkg&#x2F;src&#x2F;Types.jl:113
 [2] #test#131(::Bool, ::Nothing, ::Cmd, ::Cmd, ::typeof(Pkg.Operations.test), ::Pkg.Types.Context, ::Array{Pkg.Types.PackageSpec,1}) at &#x2F;buildworker&#x2F;worker&#x2F;package_linux64&#x2F;build&#x2F;usr&#x2F;share&#x2F;julia&#x2F;stdlib&#x2F;v1.3&#x2F;Pkg&#x2F;src&#x2F;Operations.jl:1370
 [3] #test at .&#x2F;none:0 [inlined]
 [4] #test#62(::Bool, ::Nothing, ::Cmd, ::Cmd, ::Base.Iterators.Pairs{Union{},Union{},Tuple{},NamedTuple{(),Tuple{}}}, ::typeof(Pkg.API.test), ::Pkg.Types.Context, ::Array{Pkg.Types.PackageSpec,1}) at &#x2F;buildworker&#x2F;worker&#x2F;package_linux64&#x2F;build&#x2F;usr&#x2F;share&#x2F;julia&#x2F;stdlib&#x2F;v1.3&#x2F;Pkg&#x2F;src&#x2F;API.jl:253
 [5] test(::Pkg.Types.Context, ::Array{Pkg.Types.PackageSpec,1}) at &#x2F;buildworker&#x2F;worker&#x2F;package_linux64&#x2F;build&#x2F;usr&#x2F;share&#x2F;julia&#x2F;stdlib&#x2F;v1.3&#x2F;Pkg&#x2F;src&#x2F;API.jl:239
 [6] #test#61 at &#x2F;buildworker&#x2F;worker&#x2F;package_linux64&#x2F;build&#x2F;usr&#x2F;share&#x2F;julia&#x2F;stdlib&#x2F;v1.3&#x2F;Pkg&#x2F;src&#x2F;API.jl:233 [inlined]
 [7] test at &#x2F;buildworker&#x2F;worker&#x2F;package_linux64&#x2F;build&#x2F;usr&#x2F;share&#x2F;julia&#x2F;stdlib&#x2F;v1.3&#x2F;Pkg&#x2F;src&#x2F;API.jl:233 [inlined]
 [8] #test#60 at &#x2F;buildworker&#x2F;worker&#x2F;package_linux64&#x2F;build&#x2F;usr&#x2F;share&#x2F;julia&#x2F;stdlib&#x2F;v1.3&#x2F;Pkg&#x2F;src&#x2F;API.jl:232 [inlined]
 [9] test at &#x2F;buildworker&#x2F;worker&#x2F;package_linux64&#x2F;build&#x2F;usr&#x2F;share&#x2F;julia&#x2F;stdlib&#x2F;v1.3&#x2F;Pkg&#x2F;src&#x2F;API.jl:232 [inlined]
 [10] #test#59(::Base.Iterators.Pairs{Union{},Union{},Tuple{},NamedTuple{(),Tuple{}}}, ::typeof(Pkg.API.test), ::String) at &#x2F;buildworker&#x2F;worker&#x2F;package_linux64&#x2F;build&#x2F;usr&#x2F;share&#x2F;julia&#x2F;stdlib&#x2F;v1.3&#x2F;Pkg&#x2F;src&#x2F;API.jl:231
 [11] test(::String) at &#x2F;buildworker&#x2F;worker&#x2F;package_linux64&#x2F;build&#x2F;usr&#x2F;share&#x2F;julia&#x2F;stdlib&#x2F;v1.3&#x2F;Pkg&#x2F;src&#x2F;API.jl:231
 [12] top-level scope at none:10
</pre>
      </div>

    <h3>Results with Julia v1.3.1-pre-7704df0a5a</h3>

    <p>
      Testing was <strong>unsuccessful</strong>: package has test failures.
      Last evaluation was  ago and took 3 minutes, 46 seconds.
    </p>

    <p>
      Click <a href="/home/maleadt/Julia/pkg/NewPkgEval/site/build/logs/JupyterParameters/1.3.1-pre-7704df0a5a.log">here</a> to download the log file.
      
    </p>

      <button class="collapsible">Click here to show the log contents.</button>
      <div class="content">
      <pre> Resolving package versions...
 Installed SoftGlobalScope ──── v1.0.10
 Installed JupyterParameters ── v0.1.2
 Installed Compat ───────────── v2.2.0
 Installed Conda ────────────── v1.3.0
 Installed IJulia ───────────── v1.20.2
 Installed TextWrap ─────────── v0.3.0
 Installed DataStructures ───── v0.17.6
 Installed BinaryProvider ───── v0.5.8
 Installed JSON ─────────────── v0.21.0
 Installed VersionParsing ───── v1.1.3
 Installed OrderedCollections ─ v1.1.0
 Installed Parsers ──────────── v0.3.10
 Installed ArgParse ─────────── v0.6.2
 Installed ZMQ ──────────────── v1.0.0
 Installed MbedTLS ──────────── v0.7.0
  Updating `~&#x2F;.julia&#x2F;environments&#x2F;v1.3&#x2F;Project.toml`
  [2f2169dc] + JupyterParameters v0.1.2
  Updating `~&#x2F;.julia&#x2F;environments&#x2F;v1.3&#x2F;Manifest.toml`
  [c7e460c6] + ArgParse v0.6.2
  [b99e7846] + BinaryProvider v0.5.8
  [34da2185] + Compat v2.2.0
  [8f4d0f93] + Conda v1.3.0
  [864edb3b] + DataStructures v0.17.6
  [7073ff75] + IJulia v1.20.2
  [682c06a0] + JSON v0.21.0
  [2f2169dc] + JupyterParameters v0.1.2
  [739be429] + MbedTLS v0.7.0
  [bac558e1] + OrderedCollections v1.1.0
  [69de0a69] + Parsers v0.3.10
  [b85f4697] + SoftGlobalScope v1.0.10
  [b718987f] + TextWrap v0.3.0
  [81def892] + VersionParsing v1.1.3
  [c2297ded] + ZMQ v1.0.0
  [2a0f44e3] + Base64 
  [ade2ca70] + Dates 
  [8bb1440f] + DelimitedFiles 
  [8ba89e20] + Distributed 
  [7b1f6079] + FileWatching 
  [b77e0a4c] + InteractiveUtils 
  [76f85450] + LibGit2 
  [8f399da3] + Libdl 
  [37e2e46d] + LinearAlgebra 
  [56ddb016] + Logging 
  [d6f4376e] + Markdown 
  [a63ad114] + Mmap 
  [44cfe95a] + Pkg 
  [de0858da] + Printf 
  [3fa0cd96] + REPL 
  [9a3f8284] + Random 
  [ea8e919c] + SHA 
  [9e88b42a] + Serialization 
  [1a1011a3] + SharedArrays 
  [6462fe0b] + Sockets 
  [2f01184e] + SparseArrays 
  [10745b16] + Statistics 
  [8dfed614] + Test 
  [cf7118a7] + UUIDs 
  [4ec0a83e] + Unicode 
  Building Conda ────────────→ `~&#x2F;.julia&#x2F;packages&#x2F;Conda&#x2F;kLXeC&#x2F;deps&#x2F;build.log`
  Building ZMQ ──────────────→ `~&#x2F;.julia&#x2F;packages&#x2F;ZMQ&#x2F;ABGOx&#x2F;deps&#x2F;build.log`
  Building MbedTLS ──────────→ `~&#x2F;.julia&#x2F;packages&#x2F;MbedTLS&#x2F;a1JFn&#x2F;deps&#x2F;build.log`
  Building IJulia ───────────→ `~&#x2F;.julia&#x2F;packages&#x2F;IJulia&#x2F;F1GUo&#x2F;deps&#x2F;build.log`
  Building JupyterParameters → `~&#x2F;.julia&#x2F;packages&#x2F;JupyterParameters&#x2F;KdfWB&#x2F;deps&#x2F;build.log`
   Testing JupyterParameters
 Resolving package versions...
    Status `&#x2F;tmp&#x2F;jl_DKiFcf&#x2F;Manifest.toml`
  [c7e460c6] ArgParse v0.6.2
  [b99e7846] BinaryProvider v0.5.8
  [34da2185] Compat v2.2.0
  [8f4d0f93] Conda v1.3.0
  [864edb3b] DataStructures v0.17.6
  [7073ff75] IJulia v1.20.2
  [682c06a0] JSON v0.21.0
  [2f2169dc] JupyterParameters v0.1.2
  [739be429] MbedTLS v0.7.0
  [bac558e1] OrderedCollections v1.1.0
  [69de0a69] Parsers v0.3.10
  [b85f4697] SoftGlobalScope v1.0.10
  [b718987f] TextWrap v0.3.0
  [81def892] VersionParsing v1.1.3
  [c2297ded] ZMQ v1.0.0
  [2a0f44e3] Base64  [`@stdlib&#x2F;Base64`]
  [ade2ca70] Dates  [`@stdlib&#x2F;Dates`]
  [8bb1440f] DelimitedFiles  [`@stdlib&#x2F;DelimitedFiles`]
  [8ba89e20] Distributed  [`@stdlib&#x2F;Distributed`]
  [7b1f6079] FileWatching  [`@stdlib&#x2F;FileWatching`]
  [b77e0a4c] InteractiveUtils  [`@stdlib&#x2F;InteractiveUtils`]
  [76f85450] LibGit2  [`@stdlib&#x2F;LibGit2`]
  [8f399da3] Libdl  [`@stdlib&#x2F;Libdl`]
  [37e2e46d] LinearAlgebra  [`@stdlib&#x2F;LinearAlgebra`]
  [56ddb016] Logging  [`@stdlib&#x2F;Logging`]
  [d6f4376e] Markdown  [`@stdlib&#x2F;Markdown`]
  [a63ad114] Mmap  [`@stdlib&#x2F;Mmap`]
  [44cfe95a] Pkg  [`@stdlib&#x2F;Pkg`]
  [de0858da] Printf  [`@stdlib&#x2F;Printf`]
  [3fa0cd96] REPL  [`@stdlib&#x2F;REPL`]
  [9a3f8284] Random  [`@stdlib&#x2F;Random`]
  [ea8e919c] SHA  [`@stdlib&#x2F;SHA`]
  [9e88b42a] Serialization  [`@stdlib&#x2F;Serialization`]
  [1a1011a3] SharedArrays  [`@stdlib&#x2F;SharedArrays`]
  [6462fe0b] Sockets  [`@stdlib&#x2F;Sockets`]
  [2f01184e] SparseArrays  [`@stdlib&#x2F;SparseArrays`]
  [10745b16] Statistics  [`@stdlib&#x2F;Statistics`]
  [8dfed614] Test  [`@stdlib&#x2F;Test`]
  [cf7118a7] UUIDs  [`@stdlib&#x2F;UUIDs`]
  [4ec0a83e] Unicode  [`@stdlib&#x2F;Unicode`]
Starting paramitification of &#x2F;tmp&#x2F;jl_TVY4g8.ipynb...
Successful replacement of parameters!
Wrote &#x2F;tmp&#x2F;jl_skEiDJ.ipynb
Running [&quot;&#x2F;root&#x2F;.julia&#x2F;conda&#x2F;3&#x2F;bin&#x2F;jupyter&quot;, &quot;nbconvert&quot;, &quot;--to=notebook&quot;, &quot;--execute&quot;, &quot;--ExecutePreprocessor.allow_errors=True&quot;, &quot;&#x2F;tmp&#x2F;jl_skEiDJ.ipynb&quot;, &quot;--output&quot;, &quot;&#x2F;tmp&#x2F;jl_skEiDJ.ipynb&quot;]
[NbConvertApp] WARNING | Config option `template_path` not recognized by `NotebookExporter`.
[NbConvertApp] Converting notebook &#x2F;tmp&#x2F;jl_skEiDJ.ipynb to notebook
ERROR: LoadError: ArgumentError: Package InteractiveUtils not found in current path:
- Run `import Pkg; Pkg.add(&quot;InteractiveUtils&quot;)` to install the InteractiveUtils package.

Stacktrace:
 [1] require(::Module, ::Symbol) at .&#x2F;loading.jl:887
 [2] include at .&#x2F;boot.jl:328 [inlined]
 [3] include_relative(::Module, ::String) at .&#x2F;loading.jl:1105
 [4] include(::Module, ::String) at .&#x2F;Base.jl:31
 [5] exec_options(::Base.JLOptions) at .&#x2F;client.jl:287
 [6] _start() at .&#x2F;client.jl:460
in expression starting at &#x2F;root&#x2F;.julia&#x2F;packages&#x2F;IJulia&#x2F;F1GUo&#x2F;src&#x2F;kernel.jl:11
[0m[0mTraceback (most recent call last):
  File &quot;&#x2F;root&#x2F;.julia&#x2F;conda&#x2F;3&#x2F;bin&#x2F;jupyter-nbconvert&quot;, line 11, in &lt;module&gt;
    sys.exit(main())
  File &quot;&#x2F;root&#x2F;.julia&#x2F;conda&#x2F;3&#x2F;lib&#x2F;python3.7&#x2F;site-packages&#x2F;jupyter_core&#x2F;application.py&quot;, line 268, in launch_instance
    return super(JupyterApp, cls).launch_instance(argv=argv, **kwargs)
  File &quot;&#x2F;root&#x2F;.julia&#x2F;conda&#x2F;3&#x2F;lib&#x2F;python3.7&#x2F;site-packages&#x2F;traitlets&#x2F;config&#x2F;application.py&quot;, line 664, in launch_instance
    app.start()
  File &quot;&#x2F;root&#x2F;.julia&#x2F;conda&#x2F;3&#x2F;lib&#x2F;python3.7&#x2F;site-packages&#x2F;nbconvert&#x2F;nbconvertapp.py&quot;, line 340, in start
    self.convert_notebooks()
  File &quot;&#x2F;root&#x2F;.julia&#x2F;conda&#x2F;3&#x2F;lib&#x2F;python3.7&#x2F;site-packages&#x2F;nbconvert&#x2F;nbconvertapp.py&quot;, line 510, in convert_notebooks
    self.convert_single_notebook(notebook_filename)
  File &quot;&#x2F;root&#x2F;.julia&#x2F;conda&#x2F;3&#x2F;lib&#x2F;python3.7&#x2F;site-packages&#x2F;nbconvert&#x2F;nbconvertapp.py&quot;, line 481, in convert_single_notebook
    output, resources = self.export_single_notebook(notebook_filename, resources, input_buffer=input_buffer)
  File &quot;&#x2F;root&#x2F;.julia&#x2F;conda&#x2F;3&#x2F;lib&#x2F;python3.7&#x2F;site-packages&#x2F;nbconvert&#x2F;nbconvertapp.py&quot;, line 410, in export_single_notebook
    output, resources = self.exporter.from_filename(notebook_filename, resources=resources)
  File &quot;&#x2F;root&#x2F;.julia&#x2F;conda&#x2F;3&#x2F;lib&#x2F;python3.7&#x2F;site-packages&#x2F;nbconvert&#x2F;exporters&#x2F;exporter.py&quot;, line 179, in from_filename
    return self.from_file(f, resources=resources, **kw)
  File &quot;&#x2F;root&#x2F;.julia&#x2F;conda&#x2F;3&#x2F;lib&#x2F;python3.7&#x2F;site-packages&#x2F;nbconvert&#x2F;exporters&#x2F;exporter.py&quot;, line 197, in from_file
    return self.from_notebook_node(nbformat.read(file_stream, as_version=4), resources=resources, **kw)
  File &quot;&#x2F;root&#x2F;.julia&#x2F;conda&#x2F;3&#x2F;lib&#x2F;python3.7&#x2F;site-packages&#x2F;nbconvert&#x2F;exporters&#x2F;notebook.py&quot;, line 32, in from_notebook_node
    nb_copy, resources = super(NotebookExporter, self).from_notebook_node(nb, resources, **kw)
  File &quot;&#x2F;root&#x2F;.julia&#x2F;conda&#x2F;3&#x2F;lib&#x2F;python3.7&#x2F;site-packages&#x2F;nbconvert&#x2F;exporters&#x2F;exporter.py&quot;, line 139, in from_notebook_node
    nb_copy, resources = self._preprocess(nb_copy, resources)
  File &quot;&#x2F;root&#x2F;.julia&#x2F;conda&#x2F;3&#x2F;lib&#x2F;python3.7&#x2F;site-packages&#x2F;nbconvert&#x2F;exporters&#x2F;exporter.py&quot;, line 316, in _preprocess
    nbc, resc = preprocessor(nbc, resc)
  File &quot;&#x2F;root&#x2F;.julia&#x2F;conda&#x2F;3&#x2F;lib&#x2F;python3.7&#x2F;site-packages&#x2F;nbconvert&#x2F;preprocessors&#x2F;base.py&quot;, line 47, in __call__
    return self.preprocess(nb, resources)
  File &quot;&#x2F;root&#x2F;.julia&#x2F;conda&#x2F;3&#x2F;lib&#x2F;python3.7&#x2F;site-packages&#x2F;nbconvert&#x2F;preprocessors&#x2F;execute.py&quot;, line 403, in preprocess
    with self.setup_preprocessor(nb, resources, km=km):
  File &quot;&#x2F;root&#x2F;.julia&#x2F;conda&#x2F;3&#x2F;lib&#x2F;python3.7&#x2F;contextlib.py&quot;, line 112, in __enter__
    return next(self.gen)
  File &quot;&#x2F;root&#x2F;.julia&#x2F;conda&#x2F;3&#x2F;lib&#x2F;python3.7&#x2F;site-packages&#x2F;nbconvert&#x2F;preprocessors&#x2F;execute.py&quot;, line 345, in setup_preprocessor
    self.km, self.kc = self.start_new_kernel(**kwargs)
  File &quot;&#x2F;root&#x2F;.julia&#x2F;conda&#x2F;3&#x2F;lib&#x2F;python3.7&#x2F;site-packages&#x2F;nbconvert&#x2F;preprocessors&#x2F;execute.py&quot;, line 296, in start_new_kernel
    kc.wait_for_ready(timeout=self.startup_timeout)
  File &quot;&#x2F;root&#x2F;.julia&#x2F;conda&#x2F;3&#x2F;lib&#x2F;python3.7&#x2F;site-packages&#x2F;jupyter_client&#x2F;blocking&#x2F;client.py&quot;, line 120, in wait_for_ready
    raise RuntimeError(&#39;Kernel died before replying to kernel_info&#39;)
RuntimeError: Kernel died before replying to kernel_info
testing JupyterParam: Error During Test at &#x2F;root&#x2F;.julia&#x2F;packages&#x2F;JupyterParameters&#x2F;KdfWB&#x2F;test&#x2F;runtests.jl:39
  Got exception outside of a @test
  failed process: Process(setenv(`&#x2F;root&#x2F;.julia&#x2F;conda&#x2F;3&#x2F;bin&#x2F;jupyter nbconvert --to=notebook --execute --ExecutePreprocessor.allow_errors=True &#x2F;tmp&#x2F;jl_skEiDJ.ipynb --output &#x2F;tmp&#x2F;jl_skEiDJ.ipynb`,[&quot;PATH=&#x2F;root&#x2F;.julia&#x2F;conda&#x2F;3&#x2F;bin:&#x2F;usr&#x2F;local&#x2F;sbin:&#x2F;usr&#x2F;local&#x2F;bin:&#x2F;usr&#x2F;sbin:&#x2F;usr&#x2F;bin:&#x2F;sbin:&#x2F;bin&quot;, &quot;OPENBLAS_NUM_THREADS=8&quot;, &quot;PKGEVAL=true&quot;, &quot;HOME=&#x2F;root&quot;, &quot;DEBIAN_FRONTEND=noninteractive&quot;, &quot;CI=true&quot;, &quot;OPENBLAS_MAIN_FREE=1&quot;, &quot;HOSTNAME=702606045b5c&quot;, &quot;JULIA_LOAD_PATH=@:&#x2F;tmp&#x2F;jl_DKiFcf&quot;]), ProcessExited(1)) [1]
  
  Stacktrace:
   [1] pipeline_error at .&#x2F;process.jl:525 [inlined]
   [2] #run#565(::Bool, ::typeof(run), ::Cmd) at .&#x2F;process.jl:440
   [3] run at .&#x2F;process.jl:438 [inlined]
   [4] jjnbparam(::Array{String,1}) at &#x2F;root&#x2F;.julia&#x2F;packages&#x2F;JupyterParameters&#x2F;KdfWB&#x2F;src&#x2F;JupyterParameters.jl:210
   [5] jjnbparam() at &#x2F;root&#x2F;.julia&#x2F;packages&#x2F;JupyterParameters&#x2F;KdfWB&#x2F;src&#x2F;JupyterParameters.jl:215
   [6] top-level scope at &#x2F;root&#x2F;.julia&#x2F;packages&#x2F;JupyterParameters&#x2F;KdfWB&#x2F;test&#x2F;runtests.jl:60
   [7] top-level scope at &#x2F;workspace&#x2F;srcdir&#x2F;julia&#x2F;usr&#x2F;share&#x2F;julia&#x2F;stdlib&#x2F;v1.3&#x2F;Test&#x2F;src&#x2F;Test.jl:1107
   [8] top-level scope at &#x2F;root&#x2F;.julia&#x2F;packages&#x2F;JupyterParameters&#x2F;KdfWB&#x2F;test&#x2F;runtests.jl:40
   [9] include at .&#x2F;boot.jl:328 [inlined]
   [10] include_relative(::Module, ::String) at .&#x2F;loading.jl:1105
   [11] include(::Module, ::String) at .&#x2F;Base.jl:31
   [12] include(::String) at .&#x2F;client.jl:424
   [13] top-level scope at none:6
   [14] eval(::Module, ::Any) at .&#x2F;boot.jl:330
   [15] exec_options(::Base.JLOptions) at .&#x2F;client.jl:263
   [16] _start() at .&#x2F;client.jl:460
  
Test Summary:        | Error  Total
testing JupyterParam |     1      1
ERROR: LoadError: Some tests did not pass: 0 passed, 0 failed, 1 errored, 0 broken.
in expression starting at &#x2F;root&#x2F;.julia&#x2F;packages&#x2F;JupyterParameters&#x2F;KdfWB&#x2F;test&#x2F;runtests.jl:38
ERROR: Package JupyterParameters errored during testing
Stacktrace:
 [1] pkgerror(::String, ::Vararg{String,N} where N) at &#x2F;workspace&#x2F;srcdir&#x2F;julia&#x2F;usr&#x2F;share&#x2F;julia&#x2F;stdlib&#x2F;v1.3&#x2F;Pkg&#x2F;src&#x2F;Types.jl:113
 [2] #test#131(::Bool, ::Nothing, ::Cmd, ::Cmd, ::typeof(Pkg.Operations.test), ::Pkg.Types.Context, ::Array{Pkg.Types.PackageSpec,1}) at &#x2F;workspace&#x2F;srcdir&#x2F;julia&#x2F;usr&#x2F;share&#x2F;julia&#x2F;stdlib&#x2F;v1.3&#x2F;Pkg&#x2F;src&#x2F;Operations.jl:1370
 [3] #test at .&#x2F;none:0 [inlined]
 [4] #test#62(::Bool, ::Nothing, ::Cmd, ::Cmd, ::Base.Iterators.Pairs{Union{},Union{},Tuple{},NamedTuple{(),Tuple{}}}, ::typeof(Pkg.API.test), ::Pkg.Types.Context, ::Array{Pkg.Types.PackageSpec,1}) at &#x2F;workspace&#x2F;srcdir&#x2F;julia&#x2F;usr&#x2F;share&#x2F;julia&#x2F;stdlib&#x2F;v1.3&#x2F;Pkg&#x2F;src&#x2F;API.jl:253
 [5] test(::Pkg.Types.Context, ::Array{Pkg.Types.PackageSpec,1}) at &#x2F;workspace&#x2F;srcdir&#x2F;julia&#x2F;usr&#x2F;share&#x2F;julia&#x2F;stdlib&#x2F;v1.3&#x2F;Pkg&#x2F;src&#x2F;API.jl:239
 [6] #test#61 at &#x2F;workspace&#x2F;srcdir&#x2F;julia&#x2F;usr&#x2F;share&#x2F;julia&#x2F;stdlib&#x2F;v1.3&#x2F;Pkg&#x2F;src&#x2F;API.jl:233 [inlined]
 [7] test at &#x2F;workspace&#x2F;srcdir&#x2F;julia&#x2F;usr&#x2F;share&#x2F;julia&#x2F;stdlib&#x2F;v1.3&#x2F;Pkg&#x2F;src&#x2F;API.jl:233 [inlined]
 [8] #test#60 at &#x2F;workspace&#x2F;srcdir&#x2F;julia&#x2F;usr&#x2F;share&#x2F;julia&#x2F;stdlib&#x2F;v1.3&#x2F;Pkg&#x2F;src&#x2F;API.jl:232 [inlined]
 [9] test at &#x2F;workspace&#x2F;srcdir&#x2F;julia&#x2F;usr&#x2F;share&#x2F;julia&#x2F;stdlib&#x2F;v1.3&#x2F;Pkg&#x2F;src&#x2F;API.jl:232 [inlined]
 [10] #test#59(::Base.Iterators.Pairs{Union{},Union{},Tuple{},NamedTuple{(),Tuple{}}}, ::typeof(Pkg.API.test), ::String) at &#x2F;workspace&#x2F;srcdir&#x2F;julia&#x2F;usr&#x2F;share&#x2F;julia&#x2F;stdlib&#x2F;v1.3&#x2F;Pkg&#x2F;src&#x2F;API.jl:231
 [11] test(::String) at &#x2F;workspace&#x2F;srcdir&#x2F;julia&#x2F;usr&#x2F;share&#x2F;julia&#x2F;stdlib&#x2F;v1.3&#x2F;Pkg&#x2F;src&#x2F;API.jl:231
 [12] top-level scope at none:10
</pre>
      </div>


  </div>
  </body>

  <script type="text/javascript">// handle collapsibles
var coll = document.getElementsByClassName("collapsible");
for (var i = 0; i < coll.length; i++) {
    coll[i].textContent = "▸ " + coll[i].textContent
    coll[i].addEventListener("click", function() {
        this.classList.toggle("active");
        var content = this.nextElementSibling;
        if (content.style.display === "block") {
            this.textContent = "▸" + this.textContent.substr(1)
            content.style.display = "none";
        } else {
            this.textContent = "▾" + this.textContent.substr(1)
            content.style.display = "block";
        }
    });
}
</script>
</html>

